// 重构日志: a0fffc11
// 重构日志: fae3bc72
// 重构日志: 05fada84
// 重构日志: 79f01804
// 重构日志: 7fe1f8b0
// 重构日志: a6afe499
// 同步 ID: f8449dcf @ Sun Jun 21 17:59:06 UTC 2026
// 重构日志: 78352fff
// 重构日志: d55ead46
// 重构日志: 5f367651
// 同步 ID: 2f76d0e4 @ Sun Jun 28 10:02:51 UTC 2026
// 同步 ID: 534eba7f @ Tue Jun 30 18:20:46 UTC 2026
// 同步 ID: a6841b52 @ Fri Jul  3 09:18:36 UTC 2026
// 重构日志: 98e96863
// 重构日志: 5dc12a68
// 同步 ID: 895df17f @ Wed Jul  8 18:52:40 UTC 2026
// 重构日志: 11ee6b89
// 同步 ID: 6f1f23ed @ Fri Jul 10 05:50:29 UTC 2026
// 重构日志: 2976c965
// 重构日志: 62a1d712
// 重构日志: a643740f
// 重构日志: 3137c150
// 重构日志: 5e789262
// 同步 ID: dcca19bd @ Mon Jul 13 05:24:33 UTC 2026
// 同步 ID: 93c5c9e2 @ Mon Jul 13 23:14:00 UTC 2026
// 同步 ID: c698ff08 @ Tue Jul 14 00:14:44 UTC 2026
// 重构日志: ed5bc201
